c:\users\keda\desktop\git\platform\code\platform\x64\debug\hist_eq.obj
c:\users\keda\desktop\git\platform\code\platform\x64\debug\modified_hist.obj
c:\users\keda\desktop\git\platform\code\platform\x64\debug\min.obj
c:\users\keda\desktop\git\platform\code\platform\x64\debug\img_base.obj
c:\users\keda\desktop\git\platform\code\platform\x64\debug\img_hist.obj
c:\users\keda\desktop\git\platform\code\platform\x64\debug\new_hist.obj
c:\users\keda\desktop\git\platform\code\platform\x64\debug\amhe_run.obj
c:\users\keda\desktop\git\platform\code\platform\x64\debug\max.obj
c:\users\keda\desktop\git\platform\code\platform\x64\debug\hist_mean.obj
c:\users\keda\desktop\git\platform\code\platform\x64\debug\main_run.obj
c:\users\keda\desktop\git\platform\code\platform\x64\debug\makelut.obj
c:\users\keda\desktop\git\platform\code\platform\x64\debug\ostucompute.obj
c:\users\keda\desktop\git\platform\code\platform\x64\debug\vc140.pdb
c:\users\keda\desktop\git\platform\code\platform\x64\debug\moc_q_image_show.obj
c:\users\keda\desktop\git\platform\code\platform\x64\debug\common_func.obj
c:\users\keda\desktop\git\platform\code\platform\x64\debug\moc_c_show_thread.obj
c:\users\keda\desktop\git\platform\code\platform\x64\debug\mainform.obj
c:\users\keda\desktop\git\platform\code\platform\x64\debug\main.obj
c:\users\keda\desktop\git\platform\code\platform\x64\debug\q_image_show.obj
c:\users\keda\desktop\git\platform\code\platform\x64\debug\c_show_thread.obj
c:\users\keda\desktop\git\platform\code\platform\x64\debug\moc_mainform.obj
c:\users\keda\desktop\git\platform\code\platform\x64\debug\barrelprocess.obj
c:\users\keda\desktop\git\platform\code\platform\x64\debug\qrc_mainwindow.obj
c:\users\keda\desktop\git\platform\code\platform\x64\debug\c_transform.obj
c:\users\keda\desktop\git\platform\bin\platform.ilk
c:\users\keda\desktop\git\platform\bin\platform.exe
c:\users\keda\desktop\git\platform\bin\platform.pdb
c:\users\keda\desktop\git\platform\code\platform\generatedfiles\debug\moc_mainform.cpp
c:\users\keda\desktop\git\platform\code\platform\generatedfiles\debug\moc_c_show_thread.cpp
c:\users\keda\desktop\git\platform\code\platform\generatedfiles\debug\moc_q_image_show.cpp
c:\users\keda\desktop\git\platform\code\platform\generatedfiles\qrc_mainwindow.cpp
c:\users\keda\desktop\git\platform\code\platform\generatedfiles\ui_mainwindow.h
c:\users\keda\desktop\git\platform\code\platform\.\generatedfiles\debug\moc_mainform.cpp
c:\users\keda\desktop\git\platform\code\platform\.\generatedfiles\debug\moc_c_show_thread.cpp
c:\users\keda\desktop\git\platform\code\platform\.\generatedfiles\debug\moc_q_image_show.cpp
c:\users\keda\desktop\git\platform\code\platform\.\generatedfiles\qrc_mainwindow.cpp
c:\users\keda\desktop\git\platform\code\platform\.\generatedfiles\ui_mainwindow.h
c:\users\keda\desktop\git\platform\code\platform\..\..\bin\platform.exe
c:\users\keda\desktop\git\platform\code\platform\x64\debug\platform.tlog\cl.command.1.tlog
c:\users\keda\desktop\git\platform\code\platform\x64\debug\platform.tlog\cl.read.1.tlog
c:\users\keda\desktop\git\platform\code\platform\x64\debug\platform.tlog\cl.write.1.tlog
c:\users\keda\desktop\git\platform\code\platform\x64\debug\platform.tlog\link.command.1.tlog
c:\users\keda\desktop\git\platform\code\platform\x64\debug\platform.tlog\link.read.1.tlog
c:\users\keda\desktop\git\platform\code\platform\x64\debug\platform.tlog\link.write.1.tlog
c:\users\keda\desktop\git\platform\code\platform\x64\debug\platform.tlog\platform.write.1u.tlog
c:\users\keda\desktop\git\platform\code\platform\x64\debug\platform.tlog\qtmoc.read.1u.tlog
c:\users\keda\desktop\git\platform\code\platform\x64\debug\platform.tlog\qtmoc.write.1u.tlog
c:\users\keda\desktop\git\platform\code\platform\x64\debug\platform.tlog\qtrcc.read.1u.tlog
c:\users\keda\desktop\git\platform\code\platform\x64\debug\platform.tlog\qtrcc.write.1u.tlog
c:\users\keda\desktop\git\platform\code\platform\x64\debug\platform.tlog\qtuic.read.1u.tlog
c:\users\keda\desktop\git\platform\code\platform\x64\debug\platform.tlog\qtuic.write.1u.tlog
